<?xml version="1.0" encoding="UTF-8"?>
<testsuite name="CentersTest" tests="1" skipped="0" failures="0" errors="0" timestamp="2016-08-02T14:49:20" hostname="LAidiesel" time="0.007">
  <properties/>
  <testcase name="testSetCenters" classname="CentersTest" time="0.007"/>
  <system-out><![CDATA[]]></system-out>
  <system-err><![CDATA[]]></system-err>
</testsuite>
