<?xml version="1.0" encoding="UTF-8"?>
<testsuite name="ProductsTest" tests="1" skipped="0" failures="0" errors="0" timestamp="2016-08-02T14:49:20" hostname="LAidiesel" time="0.001">
  <properties/>
  <testcase name="testSetProducts" classname="ProductsTest" time="0.001"/>
  <system-out><![CDATA[]]></system-out>
  <system-err><![CDATA[]]></system-err>
</testsuite>
